15:24:52.360 INFO  Bean 'org.springframework.retry.annotation.RetryConfiguration' of type [org.springframework.retry.annotation.RetryConfiguration$$EnhancerBySpringCGLIB$$c18feb19] is not eligible for getting processed by all BeanPostProcessors (for example: not eligible for auto-proxying)
15:24:52.366 INFO  Bean 'org.springframework.cloud.autoconfigure.ConfigurationPropertiesRebinderAutoConfiguration' of type [org.springframework.cloud.autoconfigure.ConfigurationPropertiesRebinderAutoConfiguration$$EnhancerBySpringCGLIB$$e7e655f1] is not eligible for getting processed by all BeanPostProcessors (for example: not eligible for auto-proxying)
15:24:53.077 INFO  Located property source: CompositePropertySource {name='consul', propertySources=[ConsulPropertySource {name='config/order-service/'}, ConsulPropertySource {name='config/application/'}]}
15:24:53.996 INFO  No active profile set, falling back to default profiles: default
15:24:54.598 WARN  Endpoint ID 'bus-env' contains invalid characters, please migrate to a valid format.
15:24:54.752 WARN  Endpoint ID 'bus-refresh' contains invalid characters, please migrate to a valid format.
15:24:54.785 WARN  Endpoint ID 'service-registry' contains invalid characters, please migrate to a valid format.
15:24:54.971 INFO  BeanFactory id=e34cba7f-c4e0-3e85-8bcd-230a9754abb0
15:24:55.031 INFO  No bean named 'errorChannel' has been explicitly defined. Therefore, a default PublishSubscribeChannel will be created.
15:24:55.036 INFO  No bean named 'taskScheduler' has been explicitly defined. Therefore, a default ThreadPoolTaskScheduler will be created.
15:24:55.039 INFO  No bean named 'integrationHeaderChannelRegistry' has been explicitly defined. Therefore, a default DefaultHeaderChannelRegistry will be created.
15:24:55.069 INFO  Bean 'org.springframework.retry.annotation.RetryConfiguration' of type [org.springframework.retry.annotation.RetryConfiguration$$EnhancerBySpringCGLIB$$c18feb19] is not eligible for getting processed by all BeanPostProcessors (for example: not eligible for auto-proxying)
15:24:55.225 INFO  Bean 'integrationChannelResolver' of type [org.springframework.integration.support.channel.BeanFactoryChannelResolver] is not eligible for getting processed by all BeanPostProcessors (for example: not eligible for auto-proxying)
15:24:55.230 INFO  Bean 'integrationDisposableAutoCreatedBeans' of type [org.springframework.integration.config.annotation.Disposables] is not eligible for getting processed by all BeanPostProcessors (for example: not eligible for auto-proxying)
15:24:55.254 INFO  Bean 'org.springframework.integration.config.IntegrationManagementConfiguration' of type [org.springframework.integration.config.IntegrationManagementConfiguration] is not eligible for getting processed by all BeanPostProcessors (for example: not eligible for auto-proxying)
15:24:55.264 INFO  Bean 'org.springframework.boot.autoconfigure.integration.IntegrationAutoConfiguration$IntegrationJmxConfiguration' of type [org.springframework.boot.autoconfigure.integration.IntegrationAutoConfiguration$IntegrationJmxConfiguration] is not eligible for getting processed by all BeanPostProcessors (for example: not eligible for auto-proxying)
15:24:55.272 INFO  Bean 'org.springframework.boot.autoconfigure.jmx.JmxAutoConfiguration' of type [org.springframework.boot.autoconfigure.jmx.JmxAutoConfiguration] is not eligible for getting processed by all BeanPostProcessors (for example: not eligible for auto-proxying)
15:24:55.277 INFO  Bean 'mbeanServer' of type [com.sun.jmx.mbeanserver.JmxMBeanServer] is not eligible for getting processed by all BeanPostProcessors (for example: not eligible for auto-proxying)
15:24:55.311 INFO  Bean 'org.springframework.cloud.autoconfigure.ConfigurationPropertiesRebinderAutoConfiguration' of type [org.springframework.cloud.autoconfigure.ConfigurationPropertiesRebinderAutoConfiguration$$EnhancerBySpringCGLIB$$e7e655f1] is not eligible for getting processed by all BeanPostProcessors (for example: not eligible for auto-proxying)
15:24:55.590 INFO  Tomcat initialized with port(s): 0 (http)
15:24:55.597 INFO  Initializing ProtocolHandler ["http-nio-auto-1"]
15:24:55.597 INFO  Starting service [Tomcat]
15:24:55.598 INFO  Starting Servlet engine: [Apache Tomcat/9.0.27]
15:24:55.686 INFO  Initializing Spring embedded WebApplicationContext
15:24:55.686 INFO  Root WebApplicationContext: initialization completed in 1679 ms
15:24:55.790 WARN  No URLs will be polled as dynamic configuration sources.
15:24:55.791 INFO  To enable URLs as dynamic configuration sources, define System property archaius.configurationSource.additionalUrls or make config.properties available on classpath.
15:24:55.798 INFO  DynamicPropertyFactory is initialized with configuration sources: com.netflix.config.ConcurrentCompositeConfiguration@1d1c63af
15:24:56.259 INFO  Initializing ExecutorService 'taskScheduler'
15:24:56.604 DEBUG Filter 'requestLoggingFilter' configured for use
15:24:56.849 WARN  No URLs will be polled as dynamic configuration sources.
15:24:56.849 INFO  To enable URLs as dynamic configuration sources, define System property archaius.configurationSource.additionalUrls or make config.properties available on classpath.
15:24:56.956 INFO  Initializing ExecutorService 'applicationTaskExecutor'
15:24:57.272 INFO  Looking up function 'null' with acceptedOutputTypes: []
15:24:57.481 WARN  You already have RibbonLoadBalancerClient on your classpath. It will be used by default. As Spring Cloud Ribbon is in maintenance mode. We recommend switching to BlockingLoadBalancerClient instead. In order to use it, set the value of `spring.cloud.loadbalancer.ribbon.enabled` to `false` or remove spring-cloud-starter-netflix-ribbon from your project.
15:24:57.562 INFO  Initializing ExecutorService 'configWatchTaskScheduler'
15:24:57.573 INFO  Initializing ExecutorService 'catalogWatchTaskScheduler'
15:24:57.658 INFO  Exposing 2 endpoint(s) beneath base path '/actuator'
15:24:57.785 INFO  Channel 'order-service-1.springCloudBusInput' has 1 subscriber(s).
15:24:57.847 INFO  Registering MessageChannel springCloudBusOutput
15:24:57.890 INFO  Registering MessageChannel springCloudBusInput
15:24:57.899 INFO  Registering MessageChannel nullChannel
15:24:57.908 INFO  Registering MessageChannel errorChannel
15:24:57.935 INFO  Registering MessageHandler errorLogger
15:24:57.948 INFO  Registering MessageHandler org.springframework.cloud.stream.binding.StreamListenerMessageHandler@3d0ce151
15:24:58.014 INFO  Adding {logging-channel-adapter:_org.springframework.integration.errorLogger} as a subscriber to the 'errorChannel' channel
15:24:58.014 INFO  Channel 'order-service-1.errorChannel' has 1 subscriber(s).
15:24:58.014 INFO  started bean '_org.springframework.integration.errorLogger'
15:24:58.107 INFO  Located property source: CompositePropertySource {name='consul', propertySources=[ConsulPropertySource {name='config/order-service/'}, ConsulPropertySource {name='config/application/'}]}
15:24:59.122 INFO  Adding {message-handler:outbound.springCloudBus} as a subscriber to the 'springCloudBusOutput' channel
15:24:59.122 INFO  Channel 'order-service-1.springCloudBusOutput' has 1 subscriber(s).
15:24:59.122 INFO  started bean 'outbound.springCloudBus'
15:24:59.134 INFO  started org.springframework.cloud.consul.binder.ConsulInboundMessageProducer@5319e4fc
15:24:59.181 INFO  Starting ProtocolHandler ["http-nio-auto-1"]
15:24:59.201 INFO  Tomcat started on port(s): 54480 (http) with context path ''
15:24:59.212 INFO  Registering service with consul: NewService{id='order-service-e89dcf7af6d0e8de8fc9d2edf9c755b4', name='order-service', tags=[secure=false], address='192.168.0.164', meta=null, port=54480, enableTagOverride=null, check=Check{script='null', interval='10s', ttl='null', http='http://192.168.0.164:54480/actuator/health', method='null', header={}, tcp='null', timeout='null', deregisterCriticalServiceAfter='null', tlsSkipVerify=null, status='null'}, checks=null}
15:24:59.247 INFO  Started OrderApplication in 7.842 seconds (JVM running for 8.493)
15:24:59.390 INFO  Initializing Spring DispatcherServlet 'dispatcherServlet'
15:24:59.390 INFO  Initializing Servlet 'dispatcherServlet'
15:24:59.404 INFO  Completed initialization in 14 ms
15:25:40.875 INFO  stopped org.springframework.cloud.consul.binder.ConsulInboundMessageProducer@5319e4fc
15:25:40.875 INFO  Removing {message-handler:outbound.springCloudBus} as a subscriber to the 'springCloudBusOutput' channel
15:25:40.875 INFO  Channel 'order-service-1.springCloudBusOutput' has 0 subscriber(s).
15:25:40.875 INFO  stopped bean 'outbound.springCloudBus'
15:25:40.875 INFO  Removing {logging-channel-adapter:_org.springframework.integration.errorLogger} as a subscriber to the 'errorChannel' channel
15:25:40.875 INFO  Channel 'order-service-1.errorChannel' has 0 subscriber(s).
15:25:40.875 INFO  stopped bean '_org.springframework.integration.errorLogger'
15:25:40.876 INFO  Shutting down ExecutorService 'catalogWatchTaskScheduler'
15:25:40.877 INFO  Shutting down ExecutorService 'configWatchTaskScheduler'
15:25:40.878 INFO  Shutting down ExecutorService 'applicationTaskExecutor'
15:25:40.880 INFO  Deregistering service with consul: order-service-e89dcf7af6d0e8de8fc9d2edf9c755b4
15:25:40.932 INFO  Shutting down ExecutorService 'taskScheduler'
15:25:40.934 INFO  Summary on shutdown: bean 'springCloudBusOutput'
15:25:40.934 INFO  Summary on shutdown: bean 'springCloudBusInput'
15:25:40.934 INFO  Summary on shutdown: nullChannel
15:25:40.934 INFO  Summary on shutdown: bean 'errorChannel'
15:25:40.934 INFO  Summary on shutdown: bean '_org.springframework.integration.errorLogger.handler' for component '_org.springframework.integration.errorLogger'
15:25:40.934 INFO  Summary on shutdown: org.springframework.cloud.stream.binding.StreamListenerMessageHandler@3d0ce151
15:25:43.771 INFO  Bean 'org.springframework.retry.annotation.RetryConfiguration' of type [org.springframework.retry.annotation.RetryConfiguration$$EnhancerBySpringCGLIB$$5fe5fe5a] is not eligible for getting processed by all BeanPostProcessors (for example: not eligible for auto-proxying)
15:25:43.775 INFO  Bean 'org.springframework.cloud.autoconfigure.ConfigurationPropertiesRebinderAutoConfiguration' of type [org.springframework.cloud.autoconfigure.ConfigurationPropertiesRebinderAutoConfiguration$$EnhancerBySpringCGLIB$$863c6932] is not eligible for getting processed by all BeanPostProcessors (for example: not eligible for auto-proxying)
15:25:44.482 INFO  Located property source: CompositePropertySource {name='consul', propertySources=[ConsulPropertySource {name='config/order-service/'}, ConsulPropertySource {name='config/application/'}]}
15:25:45.450 INFO  No active profile set, falling back to default profiles: default
15:25:45.935 WARN  Endpoint ID 'bus-env' contains invalid characters, please migrate to a valid format.
15:25:46.081 WARN  Endpoint ID 'bus-refresh' contains invalid characters, please migrate to a valid format.
15:25:46.111 WARN  Endpoint ID 'service-registry' contains invalid characters, please migrate to a valid format.
15:25:46.282 INFO  BeanFactory id=e34cba7f-c4e0-3e85-8bcd-230a9754abb0
15:25:46.339 INFO  No bean named 'errorChannel' has been explicitly defined. Therefore, a default PublishSubscribeChannel will be created.
15:25:46.343 INFO  No bean named 'taskScheduler' has been explicitly defined. Therefore, a default ThreadPoolTaskScheduler will be created.
15:25:46.346 INFO  No bean named 'integrationHeaderChannelRegistry' has been explicitly defined. Therefore, a default DefaultHeaderChannelRegistry will be created.
15:25:46.373 INFO  Bean 'org.springframework.retry.annotation.RetryConfiguration' of type [org.springframework.retry.annotation.RetryConfiguration$$EnhancerBySpringCGLIB$$5fe5fe5a] is not eligible for getting processed by all BeanPostProcessors (for example: not eligible for auto-proxying)
15:25:46.518 INFO  Bean 'integrationChannelResolver' of type [org.springframework.integration.support.channel.BeanFactoryChannelResolver] is not eligible for getting processed by all BeanPostProcessors (for example: not eligible for auto-proxying)
15:25:46.524 INFO  Bean 'integrationDisposableAutoCreatedBeans' of type [org.springframework.integration.config.annotation.Disposables] is not eligible for getting processed by all BeanPostProcessors (for example: not eligible for auto-proxying)
15:25:46.545 INFO  Bean 'org.springframework.integration.config.IntegrationManagementConfiguration' of type [org.springframework.integration.config.IntegrationManagementConfiguration] is not eligible for getting processed by all BeanPostProcessors (for example: not eligible for auto-proxying)
15:25:46.555 INFO  Bean 'org.springframework.boot.autoconfigure.integration.IntegrationAutoConfiguration$IntegrationJmxConfiguration' of type [org.springframework.boot.autoconfigure.integration.IntegrationAutoConfiguration$IntegrationJmxConfiguration] is not eligible for getting processed by all BeanPostProcessors (for example: not eligible for auto-proxying)
15:25:46.563 INFO  Bean 'org.springframework.boot.autoconfigure.jmx.JmxAutoConfiguration' of type [org.springframework.boot.autoconfigure.jmx.JmxAutoConfiguration] is not eligible for getting processed by all BeanPostProcessors (for example: not eligible for auto-proxying)
15:25:46.567 INFO  Bean 'mbeanServer' of type [com.sun.jmx.mbeanserver.JmxMBeanServer] is not eligible for getting processed by all BeanPostProcessors (for example: not eligible for auto-proxying)
15:25:46.601 INFO  Bean 'org.springframework.cloud.autoconfigure.ConfigurationPropertiesRebinderAutoConfiguration' of type [org.springframework.cloud.autoconfigure.ConfigurationPropertiesRebinderAutoConfiguration$$EnhancerBySpringCGLIB$$863c6932] is not eligible for getting processed by all BeanPostProcessors (for example: not eligible for auto-proxying)
15:25:46.864 INFO  Tomcat initialized with port(s): 0 (http)
15:25:46.871 INFO  Initializing ProtocolHandler ["http-nio-auto-1"]
15:25:46.872 INFO  Starting service [Tomcat]
15:25:46.872 INFO  Starting Servlet engine: [Apache Tomcat/9.0.27]
15:25:46.954 INFO  Initializing Spring embedded WebApplicationContext
15:25:46.954 INFO  Root WebApplicationContext: initialization completed in 1492 ms
15:25:47.054 WARN  No URLs will be polled as dynamic configuration sources.
15:25:47.054 INFO  To enable URLs as dynamic configuration sources, define System property archaius.configurationSource.additionalUrls or make config.properties available on classpath.
15:25:47.061 INFO  DynamicPropertyFactory is initialized with configuration sources: com.netflix.config.ConcurrentCompositeConfiguration@5c3007d
15:25:47.528 INFO  Initializing ExecutorService 'taskScheduler'
15:25:47.901 DEBUG Filter 'requestLoggingFilter' configured for use
15:25:48.145 WARN  No URLs will be polled as dynamic configuration sources.
15:25:48.145 INFO  To enable URLs as dynamic configuration sources, define System property archaius.configurationSource.additionalUrls or make config.properties available on classpath.
15:25:48.252 INFO  Initializing ExecutorService 'applicationTaskExecutor'
15:25:48.581 INFO  Looking up function 'null' with acceptedOutputTypes: []
15:25:48.792 WARN  You already have RibbonLoadBalancerClient on your classpath. It will be used by default. As Spring Cloud Ribbon is in maintenance mode. We recommend switching to BlockingLoadBalancerClient instead. In order to use it, set the value of `spring.cloud.loadbalancer.ribbon.enabled` to `false` or remove spring-cloud-starter-netflix-ribbon from your project.
15:25:48.882 INFO  Initializing ExecutorService 'configWatchTaskScheduler'
15:25:48.895 INFO  Initializing ExecutorService 'catalogWatchTaskScheduler'
15:25:48.977 INFO  Exposing 2 endpoint(s) beneath base path '/actuator'
15:25:49.101 INFO  Channel 'order-service-1.springCloudBusInput' has 1 subscriber(s).
15:25:49.160 INFO  Registering MessageChannel springCloudBusOutput
15:25:49.217 INFO  Registering MessageChannel errorChannel
15:25:49.241 INFO  Registering MessageChannel springCloudBusInput
15:25:49.249 INFO  Registering MessageChannel nullChannel
15:25:49.266 INFO  Registering MessageHandler org.springframework.cloud.stream.binding.StreamListenerMessageHandler@24d7c365
15:25:49.302 INFO  Registering MessageHandler errorLogger
15:25:49.352 INFO  Adding {logging-channel-adapter:_org.springframework.integration.errorLogger} as a subscriber to the 'errorChannel' channel
15:25:49.352 INFO  Channel 'order-service-1.errorChannel' has 1 subscriber(s).
15:25:49.352 INFO  started bean '_org.springframework.integration.errorLogger'
15:25:49.392 INFO  Located property source: CompositePropertySource {name='consul', propertySources=[ConsulPropertySource {name='config/order-service/'}, ConsulPropertySource {name='config/application/'}]}
15:25:50.427 INFO  Adding {message-handler:outbound.springCloudBus} as a subscriber to the 'springCloudBusOutput' channel
15:25:50.427 INFO  Channel 'order-service-1.springCloudBusOutput' has 1 subscriber(s).
15:25:50.427 INFO  started bean 'outbound.springCloudBus'
15:25:50.442 INFO  started org.springframework.cloud.consul.binder.ConsulInboundMessageProducer@73eaae1e
15:25:50.475 INFO  Starting ProtocolHandler ["http-nio-auto-1"]
15:25:50.495 INFO  Tomcat started on port(s): 54509 (http) with context path ''
15:25:50.506 INFO  Registering service with consul: NewService{id='order-service-9c1462b1c06aa52ecbdd4fefb08dd690', name='order-service', tags=[secure=false], address='192.168.0.164', meta=null, port=54509, enableTagOverride=null, check=Check{script='null', interval='10s', ttl='null', http='http://192.168.0.164:54509/actuator/health', method='null', header={}, tcp='null', timeout='null', deregisterCriticalServiceAfter='null', tlsSkipVerify=null, status='null'}, checks=null}
15:25:50.532 INFO  Started OrderApplication in 7.572 seconds (JVM running for 8.138)
15:25:50.698 INFO  Initializing Spring DispatcherServlet 'dispatcherServlet'
15:25:50.698 INFO  Initializing Servlet 'dispatcherServlet'
15:25:50.711 INFO  Completed initialization in 13 ms
15:25:56.541 DEBUG Before request [GET /actuator/health, headers=[host:"192.168.0.164:54509", user-agent:"Consul Health Check", accept:"text/plain, text/*, */*", accept-encoding:"gzip", connection:"close"]]
15:25:56.579 DEBUG REQ:GET /actuator/health, headers=[host:"192.168.0.164:54509", user-agent:"Consul Health Check", accept:"text/plain, text/*, */*", accept-encoding:"gzip", connection:"close"]]
15:26:02.953 INFO  stopped org.springframework.cloud.consul.binder.ConsulInboundMessageProducer@73eaae1e
15:26:02.953 INFO  Removing {message-handler:outbound.springCloudBus} as a subscriber to the 'springCloudBusOutput' channel
15:26:02.953 INFO  Channel 'order-service-1.springCloudBusOutput' has 0 subscriber(s).
15:26:02.953 INFO  stopped bean 'outbound.springCloudBus'
15:26:02.953 INFO  Removing {logging-channel-adapter:_org.springframework.integration.errorLogger} as a subscriber to the 'errorChannel' channel
15:26:02.954 INFO  Channel 'order-service-1.errorChannel' has 0 subscriber(s).
15:26:02.954 INFO  stopped bean '_org.springframework.integration.errorLogger'
15:26:02.955 INFO  Shutting down ExecutorService 'catalogWatchTaskScheduler'
15:26:02.955 INFO  Shutting down ExecutorService 'configWatchTaskScheduler'
15:26:02.956 INFO  Shutting down ExecutorService 'applicationTaskExecutor'
15:26:02.958 INFO  Deregistering service with consul: order-service-9c1462b1c06aa52ecbdd4fefb08dd690
15:26:02.968 INFO  Shutting down ExecutorService 'taskScheduler'
15:26:02.970 INFO  Summary on shutdown: bean 'springCloudBusOutput'
15:26:02.970 INFO  Summary on shutdown: bean 'errorChannel'
15:26:02.970 INFO  Summary on shutdown: bean 'springCloudBusInput'
15:26:02.970 INFO  Summary on shutdown: nullChannel
15:26:02.970 INFO  Summary on shutdown: org.springframework.cloud.stream.binding.StreamListenerMessageHandler@24d7c365
15:26:02.970 INFO  Summary on shutdown: bean '_org.springframework.integration.errorLogger.handler' for component '_org.springframework.integration.errorLogger'
16:45:15.288 INFO  Bean 'org.springframework.retry.annotation.RetryConfiguration' of type [org.springframework.retry.annotation.RetryConfiguration$$EnhancerBySpringCGLIB$$c301b6c] is not eligible for getting processed by all BeanPostProcessors (for example: not eligible for auto-proxying)
16:45:15.292 INFO  Bean 'org.springframework.cloud.autoconfigure.ConfigurationPropertiesRebinderAutoConfiguration' of type [org.springframework.cloud.autoconfigure.ConfigurationPropertiesRebinderAutoConfiguration$$EnhancerBySpringCGLIB$$32868644] is not eligible for getting processed by all BeanPostProcessors (for example: not eligible for auto-proxying)
16:45:16.013 INFO  Located property source: CompositePropertySource {name='consul', propertySources=[ConsulPropertySource {name='config/order-service/'}, ConsulPropertySource {name='config/application/'}]}
16:45:16.987 INFO  No active profile set, falling back to default profiles: default
16:45:17.451 WARN  Endpoint ID 'bus-env' contains invalid characters, please migrate to a valid format.
16:45:17.586 WARN  Endpoint ID 'bus-refresh' contains invalid characters, please migrate to a valid format.
16:45:17.613 WARN  Endpoint ID 'service-registry' contains invalid characters, please migrate to a valid format.
16:45:17.792 INFO  BeanFactory id=e34cba7f-c4e0-3e85-8bcd-230a9754abb0
16:45:17.847 INFO  No bean named 'errorChannel' has been explicitly defined. Therefore, a default PublishSubscribeChannel will be created.
16:45:17.852 INFO  No bean named 'taskScheduler' has been explicitly defined. Therefore, a default ThreadPoolTaskScheduler will be created.
16:45:17.855 INFO  No bean named 'integrationHeaderChannelRegistry' has been explicitly defined. Therefore, a default DefaultHeaderChannelRegistry will be created.
16:45:17.884 INFO  Bean 'org.springframework.retry.annotation.RetryConfiguration' of type [org.springframework.retry.annotation.RetryConfiguration$$EnhancerBySpringCGLIB$$c301b6c] is not eligible for getting processed by all BeanPostProcessors (for example: not eligible for auto-proxying)
16:45:18.035 INFO  Bean 'integrationChannelResolver' of type [org.springframework.integration.support.channel.BeanFactoryChannelResolver] is not eligible for getting processed by all BeanPostProcessors (for example: not eligible for auto-proxying)
16:45:18.041 INFO  Bean 'integrationDisposableAutoCreatedBeans' of type [org.springframework.integration.config.annotation.Disposables] is not eligible for getting processed by all BeanPostProcessors (for example: not eligible for auto-proxying)
16:45:18.061 INFO  Bean 'org.springframework.integration.config.IntegrationManagementConfiguration' of type [org.springframework.integration.config.IntegrationManagementConfiguration] is not eligible for getting processed by all BeanPostProcessors (for example: not eligible for auto-proxying)
16:45:18.071 INFO  Bean 'org.springframework.boot.autoconfigure.integration.IntegrationAutoConfiguration$IntegrationJmxConfiguration' of type [org.springframework.boot.autoconfigure.integration.IntegrationAutoConfiguration$IntegrationJmxConfiguration] is not eligible for getting processed by all BeanPostProcessors (for example: not eligible for auto-proxying)
16:45:18.079 INFO  Bean 'org.springframework.boot.autoconfigure.jmx.JmxAutoConfiguration' of type [org.springframework.boot.autoconfigure.jmx.JmxAutoConfiguration] is not eligible for getting processed by all BeanPostProcessors (for example: not eligible for auto-proxying)
16:45:18.083 INFO  Bean 'mbeanServer' of type [com.sun.jmx.mbeanserver.JmxMBeanServer] is not eligible for getting processed by all BeanPostProcessors (for example: not eligible for auto-proxying)
16:45:18.114 INFO  Bean 'org.springframework.cloud.autoconfigure.ConfigurationPropertiesRebinderAutoConfiguration' of type [org.springframework.cloud.autoconfigure.ConfigurationPropertiesRebinderAutoConfiguration$$EnhancerBySpringCGLIB$$32868644] is not eligible for getting processed by all BeanPostProcessors (for example: not eligible for auto-proxying)
16:45:18.386 INFO  Tomcat initialized with port(s): 9000 (http)
16:45:18.396 INFO  Initializing ProtocolHandler ["http-nio-9000"]
16:45:18.396 INFO  Starting service [Tomcat]
16:45:18.396 INFO  Starting Servlet engine: [Apache Tomcat/9.0.27]
16:45:18.489 INFO  Initializing Spring embedded WebApplicationContext
16:45:18.489 INFO  Root WebApplicationContext: initialization completed in 1492 ms
16:45:18.606 WARN  No URLs will be polled as dynamic configuration sources.
16:45:18.606 INFO  To enable URLs as dynamic configuration sources, define System property archaius.configurationSource.additionalUrls or make config.properties available on classpath.
16:45:18.613 INFO  DynamicPropertyFactory is initialized with configuration sources: com.netflix.config.ConcurrentCompositeConfiguration@29b5e7db
16:45:19.065 INFO  Initializing ExecutorService 'taskScheduler'
16:45:19.419 DEBUG Filter 'requestLoggingFilter' configured for use
16:45:19.651 WARN  No URLs will be polled as dynamic configuration sources.
16:45:19.652 INFO  To enable URLs as dynamic configuration sources, define System property archaius.configurationSource.additionalUrls or make config.properties available on classpath.
16:45:19.751 INFO  Initializing ExecutorService 'applicationTaskExecutor'
16:45:20.035 INFO  Looking up function 'null' with acceptedOutputTypes: []
16:45:20.236 WARN  You already have RibbonLoadBalancerClient on your classpath. It will be used by default. As Spring Cloud Ribbon is in maintenance mode. We recommend switching to BlockingLoadBalancerClient instead. In order to use it, set the value of `spring.cloud.loadbalancer.ribbon.enabled` to `false` or remove spring-cloud-starter-netflix-ribbon from your project.
16:45:20.318 INFO  Initializing ExecutorService 'configWatchTaskScheduler'
16:45:20.330 INFO  Initializing ExecutorService 'catalogWatchTaskScheduler'
16:45:20.409 INFO  Exposing 2 endpoint(s) beneath base path '/actuator'
16:45:20.548 INFO  Channel 'order-service-1.springCloudBusInput' has 1 subscriber(s).
16:45:20.608 INFO  Registering MessageChannel springCloudBusInput
16:45:20.648 INFO  Registering MessageChannel nullChannel
16:45:20.658 INFO  Registering MessageChannel errorChannel
16:45:20.679 INFO  Registering MessageChannel springCloudBusOutput
16:45:20.692 INFO  Registering MessageHandler org.springframework.cloud.stream.binding.StreamListenerMessageHandler@790ea58f
16:45:20.724 INFO  Registering MessageHandler errorLogger
16:45:20.771 INFO  Adding {logging-channel-adapter:_org.springframework.integration.errorLogger} as a subscriber to the 'errorChannel' channel
16:45:20.771 INFO  Channel 'order-service-1.errorChannel' has 1 subscriber(s).
16:45:20.771 INFO  started bean '_org.springframework.integration.errorLogger'
16:45:20.808 INFO  Located property source: CompositePropertySource {name='consul', propertySources=[ConsulPropertySource {name='config/order-service/'}, ConsulPropertySource {name='config/application/'}]}
16:45:21.849 INFO  Adding {message-handler:outbound.springCloudBus} as a subscriber to the 'springCloudBusOutput' channel
16:45:21.849 INFO  Channel 'order-service-1.springCloudBusOutput' has 1 subscriber(s).
16:45:21.849 INFO  started bean 'outbound.springCloudBus'
16:45:21.862 INFO  started org.springframework.cloud.consul.binder.ConsulInboundMessageProducer@969c2f9
16:45:21.895 INFO  Starting ProtocolHandler ["http-nio-9000"]
16:45:21.914 INFO  Tomcat started on port(s): 9000 (http) with context path ''
16:45:21.924 INFO  Registering service with consul: NewService{id='order-service-779369f56b2e408a40bcaabe617d3880', name='order-service', tags=[secure=false], address='192.168.0.164', meta=null, port=9000, enableTagOverride=null, check=Check{script='null', interval='10s', ttl='null', http='http://192.168.0.164:9000/actuator/health', method='null', header={}, tcp='null', timeout='null', deregisterCriticalServiceAfter='null', tlsSkipVerify=null, status='null'}, checks=null}
16:45:21.940 INFO  Started OrderApplication in 7.525 seconds (JVM running for 8.123)
16:45:22.120 INFO  Initializing Spring DispatcherServlet 'dispatcherServlet'
16:45:22.121 INFO  Initializing Servlet 'dispatcherServlet'
16:45:22.134 INFO  Completed initialization in 13 ms
16:45:24.205 DEBUG Before request [GET /actuator/health, headers=[host:"192.168.0.164:9000", user-agent:"Consul Health Check", accept:"text/plain, text/*, */*", accept-encoding:"gzip", connection:"close"]]
16:45:24.237 DEBUG REQ:GET /actuator/health, headers=[host:"192.168.0.164:9000", user-agent:"Consul Health Check", accept:"text/plain, text/*, */*", accept-encoding:"gzip", connection:"close"]]
16:45:34.235 DEBUG Before request [GET /actuator/health, headers=[host:"192.168.0.164:9000", user-agent:"Consul Health Check", accept:"text/plain, text/*, */*", accept-encoding:"gzip", connection:"close"]]
16:45:34.243 DEBUG REQ:GET /actuator/health, headers=[host:"192.168.0.164:9000", user-agent:"Consul Health Check", accept:"text/plain, text/*, */*", accept-encoding:"gzip", connection:"close"]]
16:45:44.243 DEBUG Before request [GET /actuator/health, headers=[host:"192.168.0.164:9000", user-agent:"Consul Health Check", accept:"text/plain, text/*, */*", accept-encoding:"gzip", connection:"close"]]
16:45:44.250 DEBUG REQ:GET /actuator/health, headers=[host:"192.168.0.164:9000", user-agent:"Consul Health Check", accept:"text/plain, text/*, */*", accept-encoding:"gzip", connection:"close"]]
16:45:54.247 DEBUG Before request [GET /actuator/health, headers=[host:"192.168.0.164:9000", user-agent:"Consul Health Check", accept:"text/plain, text/*, */*", accept-encoding:"gzip", connection:"close"]]
16:45:54.256 DEBUG REQ:GET /actuator/health, headers=[host:"192.168.0.164:9000", user-agent:"Consul Health Check", accept:"text/plain, text/*, */*", accept-encoding:"gzip", connection:"close"]]
16:45:56.470 DEBUG Before request [GET /, headers=[host:"localhost:9000", connection:"keep-alive", upgrade-insecure-requests:"1", user-agent:"Mozilla/5.0 (Macintosh; Intel Mac OS X 10_14_6) AppleWebKit/537.36 (KHTML, like Gecko) Chrome/78.0.3904.108 Safari/537.36", sec-fetch-user:"?1", accept:"text/html,application/xhtml+xml,application/xml;q=0.9,image/webp,image/apng,*/*;q=0.8,application/signed-exchange;v=b3", purpose:"prefetch", sec-fetch-site:"none", sec-fetch-mode:"navigate", accept-encoding:"gzip, deflate, br", accept-language:"pt-BR,pt;q=0.9,en-US;q=0.8,en;q=0.7", cookie:"SESSION=c880f363-7890-484d-8111-3ced09807017"]]
16:45:56.474 WARN  Resolved [org.springframework.web.HttpRequestMethodNotSupportedException: Request method 'GET' not supported]
16:45:56.474 DEBUG REQ:GET /, headers=[host:"localhost:9000", connection:"keep-alive", upgrade-insecure-requests:"1", user-agent:"Mozilla/5.0 (Macintosh; Intel Mac OS X 10_14_6) AppleWebKit/537.36 (KHTML, like Gecko) Chrome/78.0.3904.108 Safari/537.36", sec-fetch-user:"?1", accept:"text/html,application/xhtml+xml,application/xml;q=0.9,image/webp,image/apng,*/*;q=0.8,application/signed-exchange;v=b3", purpose:"prefetch", sec-fetch-site:"none", sec-fetch-mode:"navigate", accept-encoding:"gzip, deflate, br", accept-language:"pt-BR,pt;q=0.9,en-US;q=0.8,en;q=0.7", cookie:"SESSION=c880f363-7890-484d-8111-3ced09807017"]]
16:45:59.942 DEBUG Before request [GET /, headers=[host:"localhost:9000", connection:"keep-alive", user-agent:"Mozilla/5.0 (Macintosh; Intel Mac OS X 10_14_6) AppleWebKit/537.36 (KHTML, like Gecko) Chrome/78.0.3904.108 Safari/537.36", accept:"*/*", sec-fetch-site:"cross-site", sec-fetch-mode:"cors", accept-encoding:"gzip, deflate, br", accept-language:"pt-BR,pt;q=0.9,en-US;q=0.8,en;q=0.7", cookie:"SESSION=c880f363-7890-484d-8111-3ced09807017"]]
16:45:59.943 WARN  Resolved [org.springframework.web.HttpRequestMethodNotSupportedException: Request method 'GET' not supported]
16:45:59.943 DEBUG REQ:GET /, headers=[host:"localhost:9000", connection:"keep-alive", user-agent:"Mozilla/5.0 (Macintosh; Intel Mac OS X 10_14_6) AppleWebKit/537.36 (KHTML, like Gecko) Chrome/78.0.3904.108 Safari/537.36", accept:"*/*", sec-fetch-site:"cross-site", sec-fetch-mode:"cors", accept-encoding:"gzip, deflate, br", accept-language:"pt-BR,pt;q=0.9,en-US;q=0.8,en;q=0.7", cookie:"SESSION=c880f363-7890-484d-8111-3ced09807017"]]
16:46:04.253 DEBUG Before request [GET /actuator/health, headers=[host:"192.168.0.164:9000", user-agent:"Consul Health Check", accept:"text/plain, text/*, */*", accept-encoding:"gzip", connection:"close"]]
16:46:04.264 DEBUG REQ:GET /actuator/health, headers=[host:"192.168.0.164:9000", user-agent:"Consul Health Check", accept:"text/plain, text/*, */*", accept-encoding:"gzip", connection:"close"]]
16:46:05.928 DEBUG Before request [GET /test, headers=[host:"localhost:9000", connection:"keep-alive", upgrade-insecure-requests:"1", user-agent:"Mozilla/5.0 (Macintosh; Intel Mac OS X 10_14_6) AppleWebKit/537.36 (KHTML, like Gecko) Chrome/78.0.3904.108 Safari/537.36", sec-fetch-user:"?1", accept:"text/html,application/xhtml+xml,application/xml;q=0.9,image/webp,image/apng,*/*;q=0.8,application/signed-exchange;v=b3", sec-fetch-site:"none", sec-fetch-mode:"navigate", accept-encoding:"gzip, deflate, br", accept-language:"pt-BR,pt;q=0.9,en-US;q=0.8,en;q=0.7", cookie:"SESSION=c880f363-7890-484d-8111-3ced09807017"]]
16:46:05.932 DEBUG REQ:GET /test, headers=[host:"localhost:9000", connection:"keep-alive", upgrade-insecure-requests:"1", user-agent:"Mozilla/5.0 (Macintosh; Intel Mac OS X 10_14_6) AppleWebKit/537.36 (KHTML, like Gecko) Chrome/78.0.3904.108 Safari/537.36", sec-fetch-user:"?1", accept:"text/html,application/xhtml+xml,application/xml;q=0.9,image/webp,image/apng,*/*;q=0.8,application/signed-exchange;v=b3", sec-fetch-site:"none", sec-fetch-mode:"navigate", accept-encoding:"gzip, deflate, br", accept-language:"pt-BR,pt;q=0.9,en-US;q=0.8,en;q=0.7", cookie:"SESSION=c880f363-7890-484d-8111-3ced09807017"]]
16:46:06.026 DEBUG Before request [GET /test, headers=[host:"localhost:9000", connection:"keep-alive", user-agent:"Mozilla/5.0 (Macintosh; Intel Mac OS X 10_14_6) AppleWebKit/537.36 (KHTML, like Gecko) Chrome/78.0.3904.108 Safari/537.36", accept:"*/*", sec-fetch-site:"cross-site", sec-fetch-mode:"cors", accept-encoding:"gzip, deflate, br", accept-language:"pt-BR,pt;q=0.9,en-US;q=0.8,en;q=0.7", cookie:"SESSION=c880f363-7890-484d-8111-3ced09807017"]]
16:46:06.027 DEBUG REQ:GET /test, headers=[host:"localhost:9000", connection:"keep-alive", user-agent:"Mozilla/5.0 (Macintosh; Intel Mac OS X 10_14_6) AppleWebKit/537.36 (KHTML, like Gecko) Chrome/78.0.3904.108 Safari/537.36", accept:"*/*", sec-fetch-site:"cross-site", sec-fetch-mode:"cors", accept-encoding:"gzip, deflate, br", accept-language:"pt-BR,pt;q=0.9,en-US;q=0.8,en;q=0.7", cookie:"SESSION=c880f363-7890-484d-8111-3ced09807017"]]
16:46:14.259 DEBUG Before request [GET /actuator/health, headers=[host:"192.168.0.164:9000", user-agent:"Consul Health Check", accept:"text/plain, text/*, */*", accept-encoding:"gzip", connection:"close"]]
16:46:14.268 DEBUG REQ:GET /actuator/health, headers=[host:"192.168.0.164:9000", user-agent:"Consul Health Check", accept:"text/plain, text/*, */*", accept-encoding:"gzip", connection:"close"]]
16:46:24.264 DEBUG Before request [GET /actuator/health, headers=[host:"192.168.0.164:9000", user-agent:"Consul Health Check", accept:"text/plain, text/*, */*", accept-encoding:"gzip", connection:"close"]]
16:46:24.272 DEBUG REQ:GET /actuator/health, headers=[host:"192.168.0.164:9000", user-agent:"Consul Health Check", accept:"text/plain, text/*, */*", accept-encoding:"gzip", connection:"close"]]
16:46:34.268 DEBUG Before request [GET /actuator/health, headers=[host:"192.168.0.164:9000", user-agent:"Consul Health Check", accept:"text/plain, text/*, */*", accept-encoding:"gzip", connection:"close"]]
16:46:34.278 DEBUG REQ:GET /actuator/health, headers=[host:"192.168.0.164:9000", user-agent:"Consul Health Check", accept:"text/plain, text/*, */*", accept-encoding:"gzip", connection:"close"]]
16:46:44.274 DEBUG Before request [GET /actuator/health, headers=[host:"192.168.0.164:9000", user-agent:"Consul Health Check", accept:"text/plain, text/*, */*", accept-encoding:"gzip", connection:"close"]]
16:46:44.283 DEBUG REQ:GET /actuator/health, headers=[host:"192.168.0.164:9000", user-agent:"Consul Health Check", accept:"text/plain, text/*, */*", accept-encoding:"gzip", connection:"close"]]
16:46:54.278 DEBUG Before request [GET /actuator/health, headers=[host:"192.168.0.164:9000", user-agent:"Consul Health Check", accept:"text/plain, text/*, */*", accept-encoding:"gzip", connection:"close"]]
16:46:54.287 DEBUG REQ:GET /actuator/health, headers=[host:"192.168.0.164:9000", user-agent:"Consul Health Check", accept:"text/plain, text/*, */*", accept-encoding:"gzip", connection:"close"]]
16:47:04.284 DEBUG Before request [GET /actuator/health, headers=[host:"192.168.0.164:9000", user-agent:"Consul Health Check", accept:"text/plain, text/*, */*", accept-encoding:"gzip", connection:"close"]]
16:47:04.291 DEBUG REQ:GET /actuator/health, headers=[host:"192.168.0.164:9000", user-agent:"Consul Health Check", accept:"text/plain, text/*, */*", accept-encoding:"gzip", connection:"close"]]
16:47:14.286 DEBUG Before request [GET /actuator/health, headers=[host:"192.168.0.164:9000", user-agent:"Consul Health Check", accept:"text/plain, text/*, */*", accept-encoding:"gzip", connection:"close"]]
16:47:14.295 DEBUG REQ:GET /actuator/health, headers=[host:"192.168.0.164:9000", user-agent:"Consul Health Check", accept:"text/plain, text/*, */*", accept-encoding:"gzip", connection:"close"]]
16:47:16.065 DEBUG Before request [GET /test, headers=[host:"localhost:8080", authorization:"Basic eyJraWQiOiIyTEI1a2tSNVdET3dYNkMxMGRLVVc2Vm0yVm1QQ25CaEdNdGFtZ25VZW9BPSIsImFsZyI6IlJTMjU2In0.eyJhdF9oYXNoIjoiWS1ucnVOcWNpNUYxVXdvSkx2XzEwdyIsInN1YiI6IjMwYWEwNDg1LTY0NWItNGI3NS04YTA0LTNiNmIzNmI3ZmMyNSIsImF1ZCI6Ijd1bnE0MmkyM2Y2OGR2OGVqYWcwbG1lZnFjIiwiZW1haWxfdmVyaWZpZWQiOnRydWUsInRva2VuX3VzZSI6ImlkIiwiYXV0aF90aW1lIjoxNTc0MjkwNzU5LCJpc3MiOiJodHRwczpcL1wvY29nbml0by1pZHAuZXUtd2VzdC0xLmFtYXpvbmF3cy5jb21cL2V1LXdlc3QtMV9NejVtT0ZsSXEiLCJjb2duaXRvOnVzZXJuYW1lIjoiZmVsaXBlIiwiZXhwIjoxNTc0Mjk0MzU5LCJpYXQiOjE1NzQyOTA3NTksImVtYWlsIjoiZmVsaXBlLm1lcmlnYUBnbWFpbC5jb20ifQ.n0tkdkpDsGsss8YAArnWPABXKmUCdihibXy1lAvZj0CiJ4SsiZyxIr8MlB-bdFeiODZFOAeUbnfF_N1VHV1N8NnBXhlcw-VInW39DmK-dIrPnw3ykRQgjszOpxsJdza2YnfGakiy0T_zHbBMip8fPgUNHBvBQh2uWVzOiRIqvCEF_eL7_8QJbqLMHLXgVD7IXOpcwZTiEIWn0FKtw7WruLVRMa_jS1P-vylVYCf_ZMz1E-Mdgu7kXWuWXXNTWoiePShaoe26a0bzoDMTuEO4aFIFZG48Vel_Pb1Gk5a2lIkhdAy9umvhTjhfoxRC1whWtVWXwupn1FiAImk9xjAX6Q", user-agent:"Mozilla/5.0 (Macintosh; Intel Mac OS X 10_14_6) AppleWebKit/537.36 (KHTML, like Gecko) Chrome/78.0.3904.108 Safari/537.36", accept:"*/*", sec-fetch-site:"cross-site", sec-fetch-mode:"cors", accept-encoding:"gzip, deflate, br", accept-language:"pt-BR,pt;q=0.9,en-US;q=0.8,en;q=0.7", cookie:"SESSION=c880f363-7890-484d-8111-3ced09807017", secret:"??????????", forwarded:"proto=http;host="localhost:8080";for="0:0:0:0:0:0:0:1:56784"", x-forwarded-for:"0:0:0:0:0:0:0:1", x-forwarded-proto:"http", x-forwarded-prefix:"/order", x-forwarded-port:"8080", x-forwarded-host:"localhost:8080", content-length:"0"]]
16:47:16.066 DEBUG REQ:GET /test, headers=[host:"localhost:8080", authorization:"Basic eyJraWQiOiIyTEI1a2tSNVdET3dYNkMxMGRLVVc2Vm0yVm1QQ25CaEdNdGFtZ25VZW9BPSIsImFsZyI6IlJTMjU2In0.eyJhdF9oYXNoIjoiWS1ucnVOcWNpNUYxVXdvSkx2XzEwdyIsInN1YiI6IjMwYWEwNDg1LTY0NWItNGI3NS04YTA0LTNiNmIzNmI3ZmMyNSIsImF1ZCI6Ijd1bnE0MmkyM2Y2OGR2OGVqYWcwbG1lZnFjIiwiZW1haWxfdmVyaWZpZWQiOnRydWUsInRva2VuX3VzZSI6ImlkIiwiYXV0aF90aW1lIjoxNTc0MjkwNzU5LCJpc3MiOiJodHRwczpcL1wvY29nbml0by1pZHAuZXUtd2VzdC0xLmFtYXpvbmF3cy5jb21cL2V1LXdlc3QtMV9NejVtT0ZsSXEiLCJjb2duaXRvOnVzZXJuYW1lIjoiZmVsaXBlIiwiZXhwIjoxNTc0Mjk0MzU5LCJpYXQiOjE1NzQyOTA3NTksImVtYWlsIjoiZmVsaXBlLm1lcmlnYUBnbWFpbC5jb20ifQ.n0tkdkpDsGsss8YAArnWPABXKmUCdihibXy1lAvZj0CiJ4SsiZyxIr8MlB-bdFeiODZFOAeUbnfF_N1VHV1N8NnBXhlcw-VInW39DmK-dIrPnw3ykRQgjszOpxsJdza2YnfGakiy0T_zHbBMip8fPgUNHBvBQh2uWVzOiRIqvCEF_eL7_8QJbqLMHLXgVD7IXOpcwZTiEIWn0FKtw7WruLVRMa_jS1P-vylVYCf_ZMz1E-Mdgu7kXWuWXXNTWoiePShaoe26a0bzoDMTuEO4aFIFZG48Vel_Pb1Gk5a2lIkhdAy9umvhTjhfoxRC1whWtVWXwupn1FiAImk9xjAX6Q", user-agent:"Mozilla/5.0 (Macintosh; Intel Mac OS X 10_14_6) AppleWebKit/537.36 (KHTML, like Gecko) Chrome/78.0.3904.108 Safari/537.36", accept:"*/*", sec-fetch-site:"cross-site", sec-fetch-mode:"cors", accept-encoding:"gzip, deflate, br", accept-language:"pt-BR,pt;q=0.9,en-US;q=0.8,en;q=0.7", cookie:"SESSION=c880f363-7890-484d-8111-3ced09807017", secret:"??????????", forwarded:"proto=http;host="localhost:8080";for="0:0:0:0:0:0:0:1:56784"", x-forwarded-for:"0:0:0:0:0:0:0:1", x-forwarded-proto:"http", x-forwarded-prefix:"/order", x-forwarded-port:"8080", x-forwarded-host:"localhost:8080", content-length:"0"]]
16:47:24.291 DEBUG Before request [GET /actuator/health, headers=[host:"192.168.0.164:9000", user-agent:"Consul Health Check", accept:"text/plain, text/*, */*", accept-encoding:"gzip", connection:"close"]]
16:47:24.300 DEBUG REQ:GET /actuator/health, headers=[host:"192.168.0.164:9000", user-agent:"Consul Health Check", accept:"text/plain, text/*, */*", accept-encoding:"gzip", connection:"close"]]
16:47:34.296 DEBUG Before request [GET /actuator/health, headers=[host:"192.168.0.164:9000", user-agent:"Consul Health Check", accept:"text/plain, text/*, */*", accept-encoding:"gzip", connection:"close"]]
16:47:34.304 DEBUG REQ:GET /actuator/health, headers=[host:"192.168.0.164:9000", user-agent:"Consul Health Check", accept:"text/plain, text/*, */*", accept-encoding:"gzip", connection:"close"]]
16:47:44.300 DEBUG Before request [GET /actuator/health, headers=[host:"192.168.0.164:9000", user-agent:"Consul Health Check", accept:"text/plain, text/*, */*", accept-encoding:"gzip", connection:"close"]]
16:47:44.310 DEBUG REQ:GET /actuator/health, headers=[host:"192.168.0.164:9000", user-agent:"Consul Health Check", accept:"text/plain, text/*, */*", accept-encoding:"gzip", connection:"close"]]
16:47:54.308 DEBUG Before request [GET /actuator/health, headers=[host:"192.168.0.164:9000", user-agent:"Consul Health Check", accept:"text/plain, text/*, */*", accept-encoding:"gzip", connection:"close"]]
16:47:54.320 DEBUG REQ:GET /actuator/health, headers=[host:"192.168.0.164:9000", user-agent:"Consul Health Check", accept:"text/plain, text/*, */*", accept-encoding:"gzip", connection:"close"]]
16:48:04.316 DEBUG Before request [GET /actuator/health, headers=[host:"192.168.0.164:9000", user-agent:"Consul Health Check", accept:"text/plain, text/*, */*", accept-encoding:"gzip", connection:"close"]]
16:48:04.325 DEBUG REQ:GET /actuator/health, headers=[host:"192.168.0.164:9000", user-agent:"Consul Health Check", accept:"text/plain, text/*, */*", accept-encoding:"gzip", connection:"close"]]
16:48:14.321 DEBUG Before request [GET /actuator/health, headers=[host:"192.168.0.164:9000", user-agent:"Consul Health Check", accept:"text/plain, text/*, */*", accept-encoding:"gzip", connection:"close"]]
16:48:14.329 DEBUG REQ:GET /actuator/health, headers=[host:"192.168.0.164:9000", user-agent:"Consul Health Check", accept:"text/plain, text/*, */*", accept-encoding:"gzip", connection:"close"]]
16:48:24.325 DEBUG Before request [GET /actuator/health, headers=[host:"192.168.0.164:9000", user-agent:"Consul Health Check", accept:"text/plain, text/*, */*", accept-encoding:"gzip", connection:"close"]]
16:48:24.332 DEBUG REQ:GET /actuator/health, headers=[host:"192.168.0.164:9000", user-agent:"Consul Health Check", accept:"text/plain, text/*, */*", accept-encoding:"gzip", connection:"close"]]
16:48:34.328 DEBUG Before request [GET /actuator/health, headers=[host:"192.168.0.164:9000", user-agent:"Consul Health Check", accept:"text/plain, text/*, */*", accept-encoding:"gzip", connection:"close"]]
16:48:34.337 DEBUG REQ:GET /actuator/health, headers=[host:"192.168.0.164:9000", user-agent:"Consul Health Check", accept:"text/plain, text/*, */*", accept-encoding:"gzip", connection:"close"]]
16:48:44.333 DEBUG Before request [GET /actuator/health, headers=[host:"192.168.0.164:9000", user-agent:"Consul Health Check", accept:"text/plain, text/*, */*", accept-encoding:"gzip", connection:"close"]]
16:48:44.342 DEBUG REQ:GET /actuator/health, headers=[host:"192.168.0.164:9000", user-agent:"Consul Health Check", accept:"text/plain, text/*, */*", accept-encoding:"gzip", connection:"close"]]
16:48:54.337 DEBUG Before request [GET /actuator/health, headers=[host:"192.168.0.164:9000", user-agent:"Consul Health Check", accept:"text/plain, text/*, */*", accept-encoding:"gzip", connection:"close"]]
16:48:54.344 DEBUG REQ:GET /actuator/health, headers=[host:"192.168.0.164:9000", user-agent:"Consul Health Check", accept:"text/plain, text/*, */*", accept-encoding:"gzip", connection:"close"]]
16:49:04.339 DEBUG Before request [GET /actuator/health, headers=[host:"192.168.0.164:9000", user-agent:"Consul Health Check", accept:"text/plain, text/*, */*", accept-encoding:"gzip", connection:"close"]]
16:49:04.347 DEBUG REQ:GET /actuator/health, headers=[host:"192.168.0.164:9000", user-agent:"Consul Health Check", accept:"text/plain, text/*, */*", accept-encoding:"gzip", connection:"close"]]
16:49:14.344 DEBUG Before request [GET /actuator/health, headers=[host:"192.168.0.164:9000", user-agent:"Consul Health Check", accept:"text/plain, text/*, */*", accept-encoding:"gzip", connection:"close"]]
16:49:14.353 DEBUG REQ:GET /actuator/health, headers=[host:"192.168.0.164:9000", user-agent:"Consul Health Check", accept:"text/plain, text/*, */*", accept-encoding:"gzip", connection:"close"]]
16:49:24.349 DEBUG Before request [GET /actuator/health, headers=[host:"192.168.0.164:9000", user-agent:"Consul Health Check", accept:"text/plain, text/*, */*", accept-encoding:"gzip", connection:"close"]]
16:49:24.358 DEBUG REQ:GET /actuator/health, headers=[host:"192.168.0.164:9000", user-agent:"Consul Health Check", accept:"text/plain, text/*, */*", accept-encoding:"gzip", connection:"close"]]
16:49:34.354 DEBUG Before request [GET /actuator/health, headers=[host:"192.168.0.164:9000", user-agent:"Consul Health Check", accept:"text/plain, text/*, */*", accept-encoding:"gzip", connection:"close"]]
16:49:34.362 DEBUG REQ:GET /actuator/health, headers=[host:"192.168.0.164:9000", user-agent:"Consul Health Check", accept:"text/plain, text/*, */*", accept-encoding:"gzip", connection:"close"]]
16:49:42.395 INFO  stopped org.springframework.cloud.consul.binder.ConsulInboundMessageProducer@969c2f9
16:49:42.397 INFO  Removing {message-handler:outbound.springCloudBus} as a subscriber to the 'springCloudBusOutput' channel
16:49:42.397 INFO  Channel 'order-service-1.springCloudBusOutput' has 0 subscriber(s).
16:49:42.397 INFO  stopped bean 'outbound.springCloudBus'
16:49:42.397 INFO  Removing {logging-channel-adapter:_org.springframework.integration.errorLogger} as a subscriber to the 'errorChannel' channel
16:49:42.397 INFO  Channel 'order-service-1.errorChannel' has 0 subscriber(s).
16:49:42.397 INFO  stopped bean '_org.springframework.integration.errorLogger'
16:49:42.398 INFO  Shutting down ExecutorService 'catalogWatchTaskScheduler'
16:49:42.399 INFO  Shutting down ExecutorService 'configWatchTaskScheduler'
16:49:42.400 INFO  Shutting down ExecutorService 'applicationTaskExecutor'
16:49:42.401 INFO  Deregistering service with consul: order-service-779369f56b2e408a40bcaabe617d3880
16:49:42.413 INFO  Shutting down ExecutorService 'taskScheduler'
16:49:42.415 INFO  Summary on shutdown: bean 'springCloudBusInput'
16:49:42.415 INFO  Summary on shutdown: nullChannel
16:49:42.415 INFO  Summary on shutdown: bean 'errorChannel'
16:49:42.415 INFO  Summary on shutdown: bean 'springCloudBusOutput'
16:49:42.415 INFO  Summary on shutdown: org.springframework.cloud.stream.binding.StreamListenerMessageHandler@790ea58f
16:49:42.415 INFO  Summary on shutdown: bean '_org.springframework.integration.errorLogger.handler' for component '_org.springframework.integration.errorLogger'
